<?xml version="1.0" encoding="UTF-8"?>
<!-- Generated by org.testng.reporters.JUnitReportReporter -->
<testsuite hostname="INLEN8520046729" failures="0" tests="6" name="testRunner.Runner" time="189.404" errors="0" timestamp="2022-10-16T22:05:27 IST" skipped="0">
  <testcase classname="testRunner.Runner" name="runScenario" time="29.190"/>
  <system-out/>
  <testcase classname="testRunner.Runner" name="runScenario" time="30.295"/>
  <system-out/>
  <testcase classname="testRunner.Runner" name="runScenario" time="35.922"/>
  <system-out/>
  <testcase classname="testRunner.Runner" name="runScenario" time="27.755"/>
  <system-out/>
  <testcase classname="testRunner.Runner" name="runScenario" time="35.118"/>
  <system-out/>
  <testcase classname="testRunner.Runner" name="runScenario" time="31.124"/>
  <system-out/>
</testsuite> <!-- testRunner.Runner -->
