<?xml version="1.0" encoding="UTF-8"?>
<!-- Generated by org.testng.reporters.JUnitReportReporter -->
<testsuite hostname="INLEN8520046729" failures="0" tests="4" name="testRunner.RunnerEnquiryForm" time="197.393" errors="0" timestamp="2022-10-16T22:05:27 IST" skipped="0">
  <testcase classname="testRunner.RunnerEnquiryForm" name="runScenario" time="47.326"/>
  <system-out/>
  <testcase classname="testRunner.RunnerEnquiryForm" name="runScenario" time="49.854"/>
  <system-out/>
  <testcase classname="testRunner.RunnerEnquiryForm" name="runScenario" time="48.072"/>
  <system-out/>
  <testcase classname="testRunner.RunnerEnquiryForm" name="runScenario" time="52.141"/>
  <system-out/>
</testsuite> <!-- testRunner.RunnerEnquiryForm -->
