<?xml version="1.0" encoding="UTF-8"?>
<!-- Generated by org.testng.reporters.JUnitReportReporter -->
<testsuite hostname="INLEN8520046729" failures="0" tests="4" name="testRunner.RunnerExploreInterior" time="125.206" errors="0" timestamp="2022-10-16T22:05:27 IST" skipped="0">
  <testcase classname="testRunner.RunnerExploreInterior" name="runScenario" time="28.816"/>
  <system-out/>
  <testcase classname="testRunner.RunnerExploreInterior" name="runScenario" time="30.579"/>
  <system-out/>
  <testcase classname="testRunner.RunnerExploreInterior" name="runScenario" time="26.839"/>
  <system-out/>
  <testcase classname="testRunner.RunnerExploreInterior" name="runScenario" time="38.972"/>
  <system-out/>
</testsuite> <!-- testRunner.RunnerExploreInterior -->
