<?xml version="1.0" encoding="UTF-8"?>
<!-- Generated by org.testng.reporters.JUnitReportReporter -->
<testsuite hostname="INLEN8520046729" failures="0" tests="5" name="testRunner.RunnerFieldValidations" time="208.005" errors="0" timestamp="2022-10-16T22:05:27 IST" skipped="0">
  <testcase classname="testRunner.RunnerFieldValidations" name="runScenario" time="42.459"/>
  <system-out/>
  <testcase classname="testRunner.RunnerFieldValidations" name="runScenario" time="50.875"/>
  <system-out/>
  <testcase classname="testRunner.RunnerFieldValidations" name="runScenario" time="44.009"/>
  <system-out/>
  <testcase classname="testRunner.RunnerFieldValidations" name="runScenario" time="27.699"/>
  <system-out/>
  <testcase classname="testRunner.RunnerFieldValidations" name="runScenario" time="42.963"/>
  <system-out/>
</testsuite> <!-- testRunner.RunnerFieldValidations -->
